<?xml version="1.0" encoding="UTF-8"?>
<!-- Generated by org.testng.reporters.JUnitReportReporter -->
<testsuite hostname="GopalS" failures="0" tests="2" name="com.maantic.automation.tests.DashboardTest" time="31.912" errors="0" timestamp="2022-08-23T15:53:25 IST" skipped="0">
  <testcase classname="com.maantic.automation.tests.DashboardTest" name="TC_01_VerifyDashboardPageTitle" time="20.089"/>
  <system-out/>
  <testcase classname="com.maantic.automation.tests.DashboardTest" name="TC_02_VerifyLoggedInUserName" time="11.823"/>
  <system-out/>
</testsuite> <!-- com.maantic.automation.tests.DashboardTest -->
