<?xml version="1.0" encoding="UTF-8"?>
<!-- Generated by org.testng.reporters.JUnitReportReporter -->
<testsuite hostname="GopalS" failures="0" tests="1" name="com.maantic.automation.tests.SearchContactTest" time="34.576" errors="0" timestamp="2022-08-23T15:53:25 IST" skipped="0">
  <testcase classname="com.maantic.automation.tests.SearchContactTest" name="TC_01_VerifySearchingNewlyCreatedContact" time="34.576"/>
  <system-out/>
</testsuite> <!-- com.maantic.automation.tests.SearchContactTest -->
