<?xml version="1.0" encoding="UTF-8"?>
<!-- Generated by org.testng.reporters.JUnitReportReporter -->
<testsuite hostname="GopalS" failures="0" tests="2" name="com.maantic.automation.tests.LoginTest" time="26.227" errors="0" timestamp="2022-08-23T15:53:25 IST" skipped="0">
  <testcase classname="com.maantic.automation.tests.LoginTest" name="TC_01_VerifyLoginPageTitle" time="8.211"/>
  <system-out/>
  <testcase classname="com.maantic.automation.tests.LoginTest" name="TC_02_VerifyLoggedInSuccessfully" time="18.016"/>
  <system-out/>
</testsuite> <!-- com.maantic.automation.tests.LoginTest -->
